<?xml version="1.0" encoding="UTF-8"?>
<testng-results ignored="10" total="20" passed="9" failed="1" skipped="0">
  <reporter-output>
  </reporter-output>
  <suite started-at="2023-02-16T20:55:53 IST" name="Suite" finished-at="2023-02-16T20:58:22 IST" duration-ms="149616">
    <groups>
    </groups>
    <test started-at="2023-02-16T20:55:53 IST" name="Test" finished-at="2023-02-16T20:58:22 IST" duration-ms="149616">
      <class name="com.phptravels.admin_test.Admin_RecordDL_test">
        <test-method is-config="true" signature="Login()[pri:0, instance:com.phptravels.admin_test.Admin_RecordDL_test@d9345cd]" started-at="2023-02-16T20:57:12 IST" name="Login" finished-at="2023-02-16T20:57:15 IST" duration-ms="3090" status="PASS">
          <reporter-output>
          </reporter-output>
        </test-method> <!-- Login -->
        <test-method signature="verifyRecordDL()[pri:0, instance:com.phptravels.admin_test.Admin_RecordDL_test@d9345cd]" started-at="2023-02-16T20:57:15 IST" name="verifyRecordDL" finished-at="2023-02-16T20:57:28 IST" duration-ms="13150" status="PASS">
          <reporter-output>
          </reporter-output>
        </test-method> <!-- verifyRecordDL -->
        <test-method is-config="true" signature="verifyLogin()[pri:0, instance:com.phptravels.admin_test.Admin_RecordDL_test@d9345cd]" started-at="2023-02-16T20:57:28 IST" name="verifyLogin" finished-at="2023-02-16T20:57:32 IST" duration-ms="3949" status="PASS">
          <reporter-output>
          </reporter-output>
        </test-method> <!-- verifyLogin -->
      </class> <!-- com.phptravels.admin_test.Admin_RecordDL_test -->
      <class name="com.phptravels.admin_test.Admin_Statusupdate_test">
        <test-method is-config="true" signature="Login()[pri:0, instance:com.phptravels.admin_test.Admin_Statusupdate_test@2d710f1a]" started-at="2023-02-16T20:57:32 IST" name="Login" finished-at="2023-02-16T20:57:35 IST" duration-ms="2991" status="PASS">
          <reporter-output>
          </reporter-output>
        </test-method> <!-- Login -->
        <test-method signature="dashboard()[pri:0, instance:com.phptravels.admin_test.Admin_Statusupdate_test@2d710f1a]" started-at="2023-02-16T20:57:35 IST" name="dashboard" finished-at="2023-02-16T20:57:52 IST" duration-ms="16946" status="PASS">
          <reporter-output>
          </reporter-output>
        </test-method> <!-- dashboard -->
        <test-method is-config="true" signature="verifyLogin()[pri:0, instance:com.phptravels.admin_test.Admin_Statusupdate_test@2d710f1a]" started-at="2023-02-16T20:57:52 IST" name="verifyLogin" finished-at="2023-02-16T20:57:56 IST" duration-ms="4004" status="PASS">
          <reporter-output>
          </reporter-output>
        </test-method> <!-- verifyLogin -->
      </class> <!-- com.phptravels.admin_test.Admin_Statusupdate_test -->
      <class name="com.phptravels.admin_test.Admin_weblink_test">
        <test-method is-config="true" signature="Login()[pri:0, instance:com.phptravels.admin_test.Admin_weblink_test@428640fa]" started-at="2023-02-16T20:56:54 IST" name="Login" finished-at="2023-02-16T20:56:57 IST" duration-ms="2905" status="PASS">
          <reporter-output>
          </reporter-output>
        </test-method> <!-- Login -->
        <test-method signature="verifyLink()[pri:0, instance:com.phptravels.admin_test.Admin_weblink_test@428640fa]" started-at="2023-02-16T20:56:57 IST" name="verifyLink" finished-at="2023-02-16T20:57:08 IST" duration-ms="11622" status="PASS">
          <reporter-output>
          </reporter-output>
        </test-method> <!-- verifyLink -->
        <test-method is-config="true" signature="verifyLogin()[pri:0, instance:com.phptravels.admin_test.Admin_weblink_test@428640fa]" started-at="2023-02-16T20:57:08 IST" name="verifyLogin" finished-at="2023-02-16T20:57:12 IST" duration-ms="3232" status="PASS">
          <reporter-output>
          </reporter-output>
        </test-method> <!-- verifyLogin -->
      </class> <!-- com.phptravels.admin_test.Admin_weblink_test -->
      <class name="com.phptravels.admin_test.Admin_login_test">
        <test-method is-config="true" signature="onSetup()[pri:0, instance:com.phptravels.admin_test.Admin_login_test@47d9a273]" started-at="2023-02-16T20:55:53 IST" name="onSetup" finished-at="2023-02-16T20:56:02 IST" duration-ms="9185" status="PASS">
          <reporter-output>
          </reporter-output>
        </test-method> <!-- onSetup -->
        <test-method is-config="true" signature="loginObject()[pri:0, instance:com.phptravels.admin_test.Admin_login_test@47d9a273]" started-at="2023-02-16T20:56:02 IST" name="loginObject" finished-at="2023-02-16T20:56:08 IST" duration-ms="6499" status="PASS">
          <reporter-output>
          </reporter-output>
        </test-method> <!-- loginObject -->
        <test-method signature="verifyInvalidLogin2(java.lang.String,java.lang.String)[pri:0, instance:com.phptravels.admin_test.Admin_login_test@47d9a273]" started-at="2023-02-16T20:56:08 IST" name="verifyInvalidLogin2" data-provider="logintestdata" finished-at="2023-02-16T20:56:09 IST" duration-ms="1082" status="PASS">
          <params>
            <param index="0">
              <value>
                <![CDATA[test@phpravels.com]]>
              </value>
            </param>
            <param index="1">
              <value>
                <![CDATA[test]]>
              </value>
            </param>
          </params>
          <reporter-output>
          </reporter-output>
        </test-method> <!-- verifyInvalidLogin2 -->
        <test-method is-config="true" signature="loginObject()[pri:0, instance:com.phptravels.admin_test.Admin_login_test@47d9a273]" started-at="2023-02-16T20:56:09 IST" name="loginObject" finished-at="2023-02-16T20:56:12 IST" duration-ms="2885" status="PASS">
          <reporter-output>
          </reporter-output>
        </test-method> <!-- loginObject -->
        <test-method signature="verifyInvalidLogin2(java.lang.String,java.lang.String)[pri:0, instance:com.phptravels.admin_test.Admin_login_test@47d9a273]" started-at="2023-02-16T20:56:12 IST" name="verifyInvalidLogin2" data-provider="logintestdata" finished-at="2023-02-16T20:56:13 IST" duration-ms="1186" status="PASS">
          <params>
            <param index="0">
              <value>
                <![CDATA[test@phpravels.com]]>
              </value>
            </param>
            <param index="1">
              <value>
                <![CDATA[]]>
              </value>
            </param>
          </params>
          <reporter-output>
          </reporter-output>
        </test-method> <!-- verifyInvalidLogin2 -->
        <test-method is-config="true" signature="loginObject()[pri:0, instance:com.phptravels.admin_test.Admin_login_test@47d9a273]" started-at="2023-02-16T20:56:13 IST" name="loginObject" finished-at="2023-02-16T20:56:17 IST" duration-ms="3756" status="PASS">
          <reporter-output>
          </reporter-output>
        </test-method> <!-- loginObject -->
        <test-method signature="verifyInvalidLogin2(java.lang.String,java.lang.String)[pri:0, instance:com.phptravels.admin_test.Admin_login_test@47d9a273]" started-at="2023-02-16T20:56:17 IST" name="verifyInvalidLogin2" data-provider="logintestdata" finished-at="2023-02-16T20:56:18 IST" duration-ms="442" status="PASS">
          <params>
            <param index="0">
              <value>
                <![CDATA[]]>
              </value>
            </param>
            <param index="1">
              <value>
                <![CDATA[]]>
              </value>
            </param>
          </params>
          <reporter-output>
          </reporter-output>
        </test-method> <!-- verifyInvalidLogin2 -->
        <test-method is-config="true" signature="loginObject()[pri:0, instance:com.phptravels.admin_test.Admin_login_test@47d9a273]" started-at="2023-02-16T20:56:18 IST" name="loginObject" finished-at="2023-02-16T20:56:20 IST" duration-ms="2642" status="PASS">
          <reporter-output>
          </reporter-output>
        </test-method> <!-- loginObject -->
        <test-method signature="verifyInvalidLogin2(java.lang.String,java.lang.String)[pri:0, instance:com.phptravels.admin_test.Admin_login_test@47d9a273]" started-at="2023-02-16T20:56:20 IST" name="verifyInvalidLogin2" data-provider="logintestdata" finished-at="2023-02-16T20:56:21 IST" duration-ms="326" status="PASS">
          <params>
            <param index="0">
              <value>
                <![CDATA[]]>
              </value>
            </param>
            <param index="1">
              <value>
                <![CDATA[test]]>
              </value>
            </param>
          </params>
          <reporter-output>
          </reporter-output>
        </test-method> <!-- verifyInvalidLogin2 -->
        <test-method is-config="true" signature="loginObject()[pri:0, instance:com.phptravels.admin_test.Admin_login_test@47d9a273]" started-at="2023-02-16T20:56:21 IST" name="loginObject" finished-at="2023-02-16T20:56:23 IST" duration-ms="2555" status="PASS">
          <reporter-output>
          </reporter-output>
        </test-method> <!-- loginObject -->
        <test-method signature="verifyLogin()[pri:0, instance:com.phptravels.admin_test.Admin_login_test@47d9a273]" started-at="2023-02-16T20:56:23 IST" name="verifyLogin" finished-at="2023-02-16T20:56:42 IST" duration-ms="18668" status="PASS">
          <reporter-output>
          </reporter-output>
        </test-method> <!-- verifyLogin -->
        <test-method is-config="true" signature="tearDown()[pri:0, instance:com.phptravels.admin_test.Admin_login_test@47d9a273]" started-at="2023-02-16T20:58:22 IST" name="tearDown" finished-at="2023-02-16T20:58:22 IST" duration-ms="108" status="PASS">
          <reporter-output>
          </reporter-output>
        </test-method> <!-- tearDown -->
      </class> <!-- com.phptravels.admin_test.Admin_login_test -->
      <class name="com.phptravels.admin_test.Admin_booking_test">
        <test-method is-config="true" signature="Login()[pri:0, instance:com.phptravels.admin_test.Admin_booking_test@29215f06]" started-at="2023-02-16T20:57:56 IST" name="Login" finished-at="2023-02-16T20:57:59 IST" duration-ms="3415" status="PASS">
          <reporter-output>
          </reporter-output>
        </test-method> <!-- Login -->
        <test-method signature="verifyInvoice()[pri:0, instance:com.phptravels.admin_test.Admin_booking_test@29215f06]" started-at="2023-02-16T20:57:59 IST" name="verifyInvoice" finished-at="2023-02-16T20:58:19 IST" duration-ms="19823" status="FAIL">
          <exception class="java.lang.AssertionError">
            <message>
              <![CDATA[expected [true] but found [false]]]>
            </message>
            <full-stacktrace>
              <![CDATA[java.lang.AssertionError: expected [true] but found [false]
at org.testng.Assert.fail(Assert.java:99)
at org.testng.Assert.failNotEquals(Assert.java:1037)
at org.testng.Assert.assertTrue(Assert.java:45)
at org.testng.Assert.assertTrue(Assert.java:55)
at com.phptravels.admin_test.Admin_booking_test.verifyInvoice(Admin_booking_test.java:35)
at java.base/jdk.internal.reflect.NativeMethodAccessorImpl.invoke0(Native Method)
at java.base/jdk.internal.reflect.NativeMethodAccessorImpl.invoke(NativeMethodAccessorImpl.java:77)
at java.base/jdk.internal.reflect.DelegatingMethodAccessorImpl.invoke(DelegatingMethodAccessorImpl.java:43)
at java.base/java.lang.reflect.Method.invoke(Method.java:568)
at org.testng.internal.MethodInvocationHelper.invokeMethod(MethodInvocationHelper.java:133)
at org.testng.internal.TestInvoker.invokeMethod(TestInvoker.java:598)
at org.testng.internal.TestInvoker.invokeTestMethod(TestInvoker.java:173)
at org.testng.internal.MethodRunner.runInSequence(MethodRunner.java:46)
at org.testng.internal.TestInvoker$MethodInvocationAgent.invoke(TestInvoker.java:824)
at org.testng.internal.TestInvoker.invokeTestMethods(TestInvoker.java:146)
at org.testng.internal.TestMethodWorker.invokeTestMethods(TestMethodWorker.java:146)
at org.testng.internal.TestMethodWorker.run(TestMethodWorker.java:128)
at java.base/java.util.ArrayList.forEach(ArrayList.java:1511)
at org.testng.TestRunner.privateRun(TestRunner.java:794)
at org.testng.TestRunner.run(TestRunner.java:596)
at org.testng.SuiteRunner.runTest(SuiteRunner.java:377)
at org.testng.SuiteRunner.runSequentially(SuiteRunner.java:371)
at org.testng.SuiteRunner.privateRun(SuiteRunner.java:332)
at org.testng.SuiteRunner.run(SuiteRunner.java:276)
at org.testng.SuiteRunnerWorker.runSuite(SuiteRunnerWorker.java:53)
at org.testng.SuiteRunnerWorker.run(SuiteRunnerWorker.java:96)
at org.testng.TestNG.runSuitesSequentially(TestNG.java:1212)
at org.testng.TestNG.runSuitesLocally(TestNG.java:1134)
at org.testng.TestNG.runSuites(TestNG.java:1063)
at org.testng.TestNG.run(TestNG.java:1031)
at org.testng.remote.AbstractRemoteTestNG.run(AbstractRemoteTestNG.java:115)
at org.testng.remote.RemoteTestNG.initAndRun(RemoteTestNG.java:251)
at org.testng.remote.RemoteTestNG.main(RemoteTestNG.java:77)
]]>
            </full-stacktrace>
          </exception> <!-- java.lang.AssertionError -->
          <reporter-output>
          </reporter-output>
        </test-method> <!-- verifyInvoice -->
        <test-method is-config="true" signature="verifyLogin()[pri:0, instance:com.phptravels.admin_test.Admin_booking_test@29215f06]" started-at="2023-02-16T20:58:19 IST" name="verifyLogin" finished-at="2023-02-16T20:58:22 IST" duration-ms="3092" status="PASS">
          <reporter-output>
          </reporter-output>
        </test-method> <!-- verifyLogin -->
      </class> <!-- com.phptravels.admin_test.Admin_booking_test -->
      <class name="com.phptravels.admin_test.LogoutTest">
        <test-method is-config="true" signature="Login()[pri:0, instance:com.phptravels.admin_test.LogoutTest@4c1909a3]" started-at="2023-02-16T20:56:42 IST" name="Login" finished-at="2023-02-16T20:56:45 IST" duration-ms="3080" status="PASS">
          <reporter-output>
          </reporter-output>
        </test-method> <!-- Login -->
        <test-method signature="logout()[pri:0, instance:com.phptravels.admin_test.LogoutTest@4c1909a3]" started-at="2023-02-16T20:56:45 IST" name="logout" finished-at="2023-02-16T20:56:54 IST" duration-ms="9073" status="PASS">
          <reporter-output>
          </reporter-output>
        </test-method> <!-- logout -->
      </class> <!-- com.phptravels.admin_test.LogoutTest -->
    </test> <!-- Test -->
  </suite> <!-- Suite -->
</testng-results>
